Traceback (most recent call last):
  File "C:\Users\VICTUS\AppData\Local\Programs\Python\Python312\Lib\site-packages\jupyter_cache\executors\utils.py", line 58, in single_nb_execution
    executenb(
  File "C:\Users\VICTUS\AppData\Local\Programs\Python\Python312\Lib\site-packages\nbclient\client.py", line 1319, in execute
    return NotebookClient(nb=nb, resources=resources, km=km, **kwargs).execute()
           ^^^^^^^^^^^^^^^^^^^^^^^^^^^^^^^^^^^^^^^^^^^^^^^^^^^^^^^^^^^^^^^^^^^^^
  File "C:\Users\VICTUS\AppData\Roaming\Python\Python312\site-packages\jupyter_core\utils\__init__.py", line 165, in wrapped
    return loop.run_until_complete(inner)
           ^^^^^^^^^^^^^^^^^^^^^^^^^^^^^^
  File "C:\Users\VICTUS\AppData\Local\Programs\Python\Python312\Lib\asyncio\base_events.py", line 684, in run_until_complete
    return future.result()
           ^^^^^^^^^^^^^^^
  File "C:\Users\VICTUS\AppData\Local\Programs\Python\Python312\Lib\site-packages\nbclient\client.py", line 709, in async_execute
    await self.async_execute_cell(
  File "C:\Users\VICTUS\AppData\Local\Programs\Python\Python312\Lib\site-packages\nbclient\client.py", line 1062, in async_execute_cell
    await self._check_raise_for_error(cell, cell_index, exec_reply)
  File "C:\Users\VICTUS\AppData\Local\Programs\Python\Python312\Lib\site-packages\nbclient\client.py", line 918, in _check_raise_for_error
    raise CellExecutionError.from_cell_and_msg(cell, exec_reply_content)
nbclient.exceptions.CellExecutionError: An error occurred while executing the following cell:
------------------
from pycaret.anomaly import *

# Inisialisasi lingkungan, abaikan kolom non-fitur
anomaly = setup(
    data=dataset,
    ignore_features=['id', 'species'],
    session_id=123,     # untuk reprodusibilitas
    verbose=False       # matikan pesan interaktif
)

# Latih model KNN
knn = create_model('knn')

predictions = assign_model(knn)
outliers = predictions[predictions['Anomaly'] == 0]

# Hapus outliers
outliers_removed = predictions[predictions['Anomaly'] == 0]

------------------


[31m---------------------------------------------------------------------------[39m
[31mRuntimeError[39m                              Traceback (most recent call last)
[36mCell[39m[36m [39m[32mIn[1][39m[32m, line 1[39m
[32m----> [39m[32m1[39m [38;5;28;01mfrom[39;00m[38;5;250m [39m[34;01mpycaret[39;00m[34;01m.[39;00m[34;01manomaly[39;00m[38;5;250m [39m[38;5;28;01mimport[39;00m *
[32m      3[39m [38;5;66;03m# Inisialisasi lingkungan, abaikan kolom non-fitur[39;00m
[32m      4[39m anomaly = setup(
[32m      5[39m     data=dataset,
[32m      6[39m     ignore_features=[[33m'[39m[33mid[39m[33m'[39m, [33m'[39m[33mspecies[39m[33m'[39m],
[32m      7[39m     session_id=[32m123[39m,     [38;5;66;03m# untuk reprodusibilitas[39;00m
[32m      8[39m     verbose=[38;5;28;01mFalse[39;00m       [38;5;66;03m# matikan pesan interaktif[39;00m
[32m      9[39m )

[36mFile [39m[32m~\AppData\Local\Programs\Python\Python312\Lib\site-packages\pycaret\__init__.py:22[39m
[32m     16[39m     [38;5;28;01mraise[39;00m [38;5;167;01mRuntimeError[39;00m(
[32m     17[39m         [33m"[39m[33mPycaret only supports python 3.9, 3.10, 3.11. Your actual Python version: [39m[33m"[39m,
[32m     18[39m         sys.version_info,
[32m     19[39m         [33m"[39m[33mPlease UPGRADE your Python version.[39m[33m"[39m,
[32m     20[39m     )
[32m     21[39m [38;5;28;01melif[39;00m sys.version_info >= ([32m3[39m, [32m12[39m):
[32m---> [39m[32m22[39m     [38;5;28;01mraise[39;00m [38;5;167;01mRuntimeError[39;00m(
[32m     23[39m         [33m"[39m[33mPycaret only supports python 3.9, 3.10, 3.11. Your actual Python version: [39m[33m"[39m,
[32m     24[39m         sys.version_info,
[32m     25[39m         [33m"[39m[33mPlease DOWNGRADE your Python version.[39m[33m"[39m,
[32m     26[39m     )

[31mRuntimeError[39m: ('Pycaret only supports python 3.9, 3.10, 3.11. Your actual Python version: ', sys.version_info(major=3, minor=12, micro=1, releaselevel='final', serial=0), 'Please DOWNGRADE your Python version.')

